{"level":30,"time":1747930851841,"pid":26405,"hostname":"Hectors-MacBook-Pro.local","msg":"File path for save file not found, building wallet from scratch"}
{"level":30,"time":1747930851931,"pid":26405,"hostname":"Hectors-MacBook-Pro.local","msg":"Your wallet seed is: 0000000000000000000000000000000000000000000000000000000000000001"}
{"level":30,"time":1747930851932,"pid":26405,"hostname":"Hectors-MacBook-Pro.local","msg":"Your wallet address is: mn_shield-addr_undeployed1mjngjmnlutcq50trhcsk3hugvt9wyjnhq3c7prryd5nqmvtzva0sxqpvzkdy4k9u7eyffff53cge62tqylevq3wqps86tdjuahsquwvucsy9kffv"}
{"level":30,"time":1747930851932,"pid":26405,"hostname":"Hectors-MacBook-Pro.local","msg":"Your wallet balance is: 0"}
{"level":30,"time":1747930851932,"pid":26405,"hostname":"Hectors-MacBook-Pro.local","msg":"Waiting to receive tokens..."}
{"level":30,"time":1747930851937,"pid":26405,"hostname":"Hectors-MacBook-Pro.local","msg":"Waiting for funds. Backend lag: 0, wallet lag: 0, transactions=0"}
{"level":30,"time":1747930864048,"pid":26405,"hostname":"Hectors-MacBook-Pro.local","msg":"Waiting for funds. Backend lag: 0, wallet lag: 0, transactions=1"}
{"level":30,"time":1747930864049,"pid":26405,"hostname":"Hectors-MacBook-Pro.local","msg":"Your wallet balance is: 25000000000000000"}
{"level":30,"time":1747930867192,"pid":26405,"hostname":"Hectors-MacBook-Pro.local","msg":"Deploying counter contract..."}
{"level":30,"time":1747930891620,"pid":26405,"hostname":"Hectors-MacBook-Pro.local","msg":"Deployed contract at address: 02003f21f9461d6da6189eff3a1ea51c0d05ebf434209a07837517f47c9acd32528c"}
{"level":30,"time":1747930894549,"pid":26405,"hostname":"Hectors-MacBook-Pro.local","msg":"Checking contract ledger state..."}
{"level":30,"time":1747930894564,"pid":26405,"hostname":"Hectors-MacBook-Pro.local","msg":"Ledger state: {\"tokens\":{},\"round\":\"0\"}"}
{"level":30,"time":1747930894566,"pid":26405,"hostname":"Hectors-MacBook-Pro.local","msg":"Current counter value: {\"tokens\":{},\"round\":\"0\"}"}
{"level":30,"time":1747930899360,"pid":26405,"hostname":"Hectors-MacBook-Pro.local","msg":"Incrementing..."}
{"level":30,"time":1747930921738,"pid":26405,"hostname":"Hectors-MacBook-Pro.local","msg":"Transaction 00000000edc05827404219800d15fa209150d46afad6e29c35aee92b632b091d9bc7216c added in block 11"}
{"level":30,"time":1747930923092,"pid":26405,"hostname":"Hectors-MacBook-Pro.local","msg":"Checking contract ledger state..."}
{"level":30,"time":1747930923102,"pid":26405,"hostname":"Hectors-MacBook-Pro.local","msg":"Ledger state: {\"tokens\":{},\"round\":\"5\"}"}
{"level":30,"time":1747930923103,"pid":26405,"hostname":"Hectors-MacBook-Pro.local","msg":"Current counter value: {\"tokens\":{},\"round\":\"5\"}"}
{"level":50,"time":1747931061553,"pid":26405,"hostname":"Hectors-MacBook-Pro.local","msg":"Found error 'Aborted with Ctrl+C'"}
{"level":30,"time":1747931061554,"pid":26405,"hostname":"Hectors-MacBook-Pro.local","msg":"Exiting..."}
{"level":30,"time":1747931063012,"pid":26405,"hostname":"Hectors-MacBook-Pro.local","msg":"Goodbye"}
