{"level":30,"time":1747928413628,"pid":59143,"hostname":"Hectors-MacBook-Pro.local","msg":"File path for save file not found, building wallet from scratch"}
{"level":30,"time":1747928413698,"pid":59143,"hostname":"Hectors-MacBook-Pro.local","msg":"Your wallet seed is: 0000000000000000000000000000000000000000000000000000000000000001"}
{"level":30,"time":1747928413699,"pid":59143,"hostname":"Hectors-MacBook-Pro.local","msg":"Your wallet address is: mn_shield-addr_undeployed1mjngjmnlutcq50trhcsk3hugvt9wyjnhq3c7prryd5nqmvtzva0sxqpvzkdy4k9u7eyffff53cge62tqylevq3wqps86tdjuahsquwvucsy9kffv"}
{"level":30,"time":1747928413699,"pid":59143,"hostname":"Hectors-MacBook-Pro.local","msg":"Your wallet balance is: 0"}
{"level":30,"time":1747928413700,"pid":59143,"hostname":"Hectors-MacBook-Pro.local","msg":"Waiting to receive tokens..."}
{"level":30,"time":1747928413712,"pid":59143,"hostname":"Hectors-MacBook-Pro.local","msg":"Waiting for funds. Backend lag: 0, wallet lag: 0, transactions=0"}
{"level":30,"time":1747928425784,"pid":59143,"hostname":"Hectors-MacBook-Pro.local","msg":"Waiting for funds. Backend lag: 0, wallet lag: 0, transactions=1"}
{"level":30,"time":1747928425785,"pid":59143,"hostname":"Hectors-MacBook-Pro.local","msg":"Your wallet balance is: 25000000000000000"}
{"level":30,"time":1747928475395,"pid":59143,"hostname":"Hectors-MacBook-Pro.local","msg":"Deploying counter contract..."}
{"level":30,"time":1747928497915,"pid":59143,"hostname":"Hectors-MacBook-Pro.local","msg":"Deployed contract at address: 02002e68ece4060430a19656ffd9617a7df55f9dd01b08d7d62d8a3ed3d5ae00ed4b"}
{"level":30,"time":1747928500584,"pid":59143,"hostname":"Hectors-MacBook-Pro.local","msg":"Incrementing..."}
{"level":30,"time":1747928522264,"pid":59143,"hostname":"Hectors-MacBook-Pro.local","msg":"Transaction 00000000d009fa48bc47258cbef9ec9c9aa259585ac382fa680a2a1b9298e4d05c06360b added in block 17"}
{"level":30,"time":1747928528860,"pid":59143,"hostname":"Hectors-MacBook-Pro.local","msg":"Checking contract ledger state..."}
{"level":30,"time":1747928528872,"pid":59143,"hostname":"Hectors-MacBook-Pro.local","msg":"Ledger state: 0"}
{"level":30,"time":1747928528872,"pid":59143,"hostname":"Hectors-MacBook-Pro.local","msg":"Current counter value: 0"}
{"level":30,"time":1747928535928,"pid":59143,"hostname":"Hectors-MacBook-Pro.local","msg":"Incrementing..."}
{"level":30,"time":1747928558357,"pid":59143,"hostname":"Hectors-MacBook-Pro.local","msg":"Transaction 0000000024608bf06d80a6a1e67725221bd2ebc78cce1e5cffe47d0992473e4c0bfbfe36 added in block 23"}
{"level":30,"time":1747928744022,"pid":59143,"hostname":"Hectors-MacBook-Pro.local","msg":"Checking contract ledger state..."}
{"level":30,"time":1747928744033,"pid":59143,"hostname":"Hectors-MacBook-Pro.local","msg":"Ledger state: 0"}
{"level":30,"time":1747928744033,"pid":59143,"hostname":"Hectors-MacBook-Pro.local","msg":"Current counter value: 0"}
{"level":50,"time":1747928767576,"pid":59143,"hostname":"Hectors-MacBook-Pro.local","msg":"Found error 'Aborted with Ctrl+C'"}
{"level":30,"time":1747928767577,"pid":59143,"hostname":"Hectors-MacBook-Pro.local","msg":"Exiting..."}
{"level":30,"time":1747928769110,"pid":59143,"hostname":"Hectors-MacBook-Pro.local","msg":"Goodbye"}
