{"level":30,"time":1747929810248,"pid":99932,"hostname":"Hectors-MacBook-Pro.local","msg":"File path for save file not found, building wallet from scratch"}
{"level":30,"time":1747929810326,"pid":99932,"hostname":"Hectors-MacBook-Pro.local","msg":"Your wallet seed is: 0000000000000000000000000000000000000000000000000000000000000001"}
{"level":30,"time":1747929810327,"pid":99932,"hostname":"Hectors-MacBook-Pro.local","msg":"Your wallet address is: mn_shield-addr_undeployed1mjngjmnlutcq50trhcsk3hugvt9wyjnhq3c7prryd5nqmvtzva0sxqpvzkdy4k9u7eyffff53cge62tqylevq3wqps86tdjuahsquwvucsy9kffv"}
{"level":30,"time":1747929810328,"pid":99932,"hostname":"Hectors-MacBook-Pro.local","msg":"Your wallet balance is: 0"}
{"level":30,"time":1747929810328,"pid":99932,"hostname":"Hectors-MacBook-Pro.local","msg":"Waiting to receive tokens..."}
{"level":30,"time":1747929810336,"pid":99932,"hostname":"Hectors-MacBook-Pro.local","msg":"Waiting for funds. Backend lag: 0, wallet lag: 0, transactions=0"}
{"level":30,"time":1747929822427,"pid":99932,"hostname":"Hectors-MacBook-Pro.local","msg":"Waiting for funds. Backend lag: 0, wallet lag: 0, transactions=1"}
{"level":30,"time":1747929822428,"pid":99932,"hostname":"Hectors-MacBook-Pro.local","msg":"Your wallet balance is: 25000000000000000"}
{"level":30,"time":1747929825845,"pid":99932,"hostname":"Hectors-MacBook-Pro.local","msg":"Deploying counter contract..."}
{"level":30,"time":1747929854153,"pid":99932,"hostname":"Hectors-MacBook-Pro.local","msg":"Deployed contract at address: 020053445ab75fe1ab91ccf90714af58f7be59d8d9f54b4a0a5abacb03ac2501c201"}
{"level":30,"time":1747929891245,"pid":99932,"hostname":"Hectors-MacBook-Pro.local","msg":"Checking contract ledger state..."}
{"level":30,"time":1747929891267,"pid":99932,"hostname":"Hectors-MacBook-Pro.local","msg":"Ledger state: {\"tokens\":{},\"number\":\"0\",\"round\":\"0\"}"}
{"level":30,"time":1747929891269,"pid":99932,"hostname":"Hectors-MacBook-Pro.local","msg":"Current counter value: {\"tokens\":{},\"number\":\"0\",\"round\":\"0\"}"}
{"level":30,"time":1747929894209,"pid":99932,"hostname":"Hectors-MacBook-Pro.local","msg":"Incrementing..."}
{"level":30,"time":1747929919733,"pid":99932,"hostname":"Hectors-MacBook-Pro.local","msg":"Transaction 00000000a218d8c36339f4dab07802c4e5c3912969e673b0ebdad4e0054ac1104588650b added in block 17"}
{"level":30,"time":1747929921457,"pid":99932,"hostname":"Hectors-MacBook-Pro.local","msg":"Checking contract ledger state..."}
{"level":30,"time":1747929921463,"pid":99932,"hostname":"Hectors-MacBook-Pro.local","msg":"Ledger state: {\"tokens\":{},\"number\":\"1\",\"round\":\"0\"}"}
{"level":30,"time":1747929921463,"pid":99932,"hostname":"Hectors-MacBook-Pro.local","msg":"Current counter value: {\"tokens\":{},\"number\":\"1\",\"round\":\"0\"}"}
{"level":50,"time":1747930064037,"pid":99932,"hostname":"Hectors-MacBook-Pro.local","msg":"Found error 'Aborted with Ctrl+C'"}
{"level":30,"time":1747930064038,"pid":99932,"hostname":"Hectors-MacBook-Pro.local","msg":"Exiting..."}
