{"level":30,"time":1747930237468,"pid":12150,"hostname":"Hectors-MacBook-Pro.local","msg":"File path for save file not found, building wallet from scratch"}
{"level":30,"time":1747930237541,"pid":12150,"hostname":"Hectors-MacBook-Pro.local","msg":"Your wallet seed is: 0000000000000000000000000000000000000000000000000000000000000001"}
{"level":30,"time":1747930237541,"pid":12150,"hostname":"Hectors-MacBook-Pro.local","msg":"Your wallet address is: mn_shield-addr_undeployed1mjngjmnlutcq50trhcsk3hugvt9wyjnhq3c7prryd5nqmvtzva0sxqpvzkdy4k9u7eyffff53cge62tqylevq3wqps86tdjuahsquwvucsy9kffv"}
{"level":30,"time":1747930237542,"pid":12150,"hostname":"Hectors-MacBook-Pro.local","msg":"Your wallet balance is: 0"}
{"level":30,"time":1747930237542,"pid":12150,"hostname":"Hectors-MacBook-Pro.local","msg":"Waiting to receive tokens..."}
{"level":30,"time":1747930237548,"pid":12150,"hostname":"Hectors-MacBook-Pro.local","msg":"Waiting for funds. Backend lag: 0, wallet lag: 0, transactions=0"}
{"level":30,"time":1747930249652,"pid":12150,"hostname":"Hectors-MacBook-Pro.local","msg":"Waiting for funds. Backend lag: 0, wallet lag: 0, transactions=1"}
{"level":30,"time":1747930249652,"pid":12150,"hostname":"Hectors-MacBook-Pro.local","msg":"Your wallet balance is: 25000000000000000"}
{"level":30,"time":1747930416083,"pid":12150,"hostname":"Hectors-MacBook-Pro.local","msg":"Deploying counter contract..."}
{"level":30,"time":1747930441669,"pid":12150,"hostname":"Hectors-MacBook-Pro.local","msg":"Deployed contract at address: 0200b2436fb55d03d48b10b8fed46978e850d3c7f3cf3ee29061e2b9ffed4f1c3056"}
{"level":30,"time":1747930537935,"pid":12150,"hostname":"Hectors-MacBook-Pro.local","msg":"Incrementing..."}
{"level":30,"time":1747930562214,"pid":12150,"hostname":"Hectors-MacBook-Pro.local","msg":"Transaction 00000000dea3408558f95e0fbccb448fe4f8f9561290be9441774d9c93079d85c01ee01b added in block 54"}
{"level":30,"time":1747930568526,"pid":12150,"hostname":"Hectors-MacBook-Pro.local","msg":"Checking contract ledger state..."}
{"level":30,"time":1747930568537,"pid":12150,"hostname":"Hectors-MacBook-Pro.local","msg":"Ledger state: {\"tokens\":{},\"round\":\"5\"}"}
{"level":30,"time":1747930568539,"pid":12150,"hostname":"Hectors-MacBook-Pro.local","msg":"Current counter value: {\"tokens\":{},\"round\":\"5\"}"}
{"level":30,"time":1747930572619,"pid":12150,"hostname":"Hectors-MacBook-Pro.local","msg":"Incrementing..."}
{"level":30,"time":1747930597786,"pid":12150,"hostname":"Hectors-MacBook-Pro.local","msg":"Transaction 00000000b264e30a7829d7e9657aa4d61f66476c2dbba29c6af2335d4b5e7c7e3ca9bb8e added in block 60"}
{"level":30,"time":1747930624084,"pid":12150,"hostname":"Hectors-MacBook-Pro.local","msg":"Checking contract ledger state..."}
{"level":30,"time":1747930624092,"pid":12150,"hostname":"Hectors-MacBook-Pro.local","msg":"Ledger state: {\"tokens\":{},\"round\":\"10\"}"}
{"level":30,"time":1747930624093,"pid":12150,"hostname":"Hectors-MacBook-Pro.local","msg":"Current counter value: {\"tokens\":{},\"round\":\"10\"}"}
{"level":50,"time":1747930777390,"pid":12150,"hostname":"Hectors-MacBook-Pro.local","msg":"Found error 'Aborted with Ctrl+C'"}
{"level":30,"time":1747930777390,"pid":12150,"hostname":"Hectors-MacBook-Pro.local","msg":"Exiting..."}
