{"level":30,"time":1747929473776,"pid":90166,"hostname":"Hectors-MacBook-Pro.local","msg":"File path for save file not found, building wallet from scratch"}
{"level":30,"time":1747929473842,"pid":90166,"hostname":"Hectors-MacBook-Pro.local","msg":"Your wallet seed is: 0000000000000000000000000000000000000000000000000000000000000001"}
{"level":30,"time":1747929473843,"pid":90166,"hostname":"Hectors-MacBook-Pro.local","msg":"Your wallet address is: mn_shield-addr_undeployed1mjngjmnlutcq50trhcsk3hugvt9wyjnhq3c7prryd5nqmvtzva0sxqpvzkdy4k9u7eyffff53cge62tqylevq3wqps86tdjuahsquwvucsy9kffv"}
{"level":30,"time":1747929473843,"pid":90166,"hostname":"Hectors-MacBook-Pro.local","msg":"Your wallet balance is: 0"}
{"level":30,"time":1747929473844,"pid":90166,"hostname":"Hectors-MacBook-Pro.local","msg":"Waiting to receive tokens..."}
{"level":30,"time":1747929473847,"pid":90166,"hostname":"Hectors-MacBook-Pro.local","msg":"Waiting for funds. Backend lag: 0, wallet lag: 0, transactions=0"}
{"level":30,"time":1747929485942,"pid":90166,"hostname":"Hectors-MacBook-Pro.local","msg":"Waiting for funds. Backend lag: 0, wallet lag: 0, transactions=1"}
{"level":30,"time":1747929485943,"pid":90166,"hostname":"Hectors-MacBook-Pro.local","msg":"Your wallet balance is: 25000000000000000"}
{"level":30,"time":1747929487814,"pid":90166,"hostname":"Hectors-MacBook-Pro.local","msg":"Deploying counter contract..."}
{"level":30,"time":1747929512316,"pid":90166,"hostname":"Hectors-MacBook-Pro.local","msg":"Deployed contract at address: 0200338f06f95d254d618d7fe13a1b62b698a44138b5a779052f44d3565599c4eaf4"}
{"level":30,"time":1747929518528,"pid":90166,"hostname":"Hectors-MacBook-Pro.local","msg":"Checking contract ledger state..."}
{"level":30,"time":1747929518534,"pid":90166,"hostname":"Hectors-MacBook-Pro.local","msg":"Ledger state: {}"}
{"level":30,"time":1747929518534,"pid":90166,"hostname":"Hectors-MacBook-Pro.local","msg":"Current counter value: {}"}
{"level":30,"time":1747929519866,"pid":90166,"hostname":"Hectors-MacBook-Pro.local","msg":"Incrementing..."}
{"level":30,"time":1747929541380,"pid":90166,"hostname":"Hectors-MacBook-Pro.local","msg":"Transaction 0000000096bb952e3e959cb513a3b1fe2ebd2df341c70d76100e7100628aaf8b0a94b949 added in block 10"}
{"level":30,"time":1747929544879,"pid":90166,"hostname":"Hectors-MacBook-Pro.local","msg":"Checking contract ledger state..."}
{"level":30,"time":1747929544885,"pid":90166,"hostname":"Hectors-MacBook-Pro.local","msg":"Ledger state: {}"}
{"level":30,"time":1747929544885,"pid":90166,"hostname":"Hectors-MacBook-Pro.local","msg":"Current counter value: {}"}
{"level":50,"time":1747929605559,"pid":90166,"hostname":"Hectors-MacBook-Pro.local","msg":"Found error 'Aborted with Ctrl+C'"}
{"level":30,"time":1747929605560,"pid":90166,"hostname":"Hectors-MacBook-Pro.local","msg":"Exiting..."}
{"level":30,"time":1747929606969,"pid":90166,"hostname":"Hectors-MacBook-Pro.local","msg":"Goodbye"}
