{"level":30,"time":1771013889134,"pid":70551,"hostname":"Hectors-MacBook-Pro.local","msg":"Using mnemonic from .env file..."}
{"level":30,"time":1771013889137,"pid":70551,"hostname":"Hectors-MacBook-Pro.local","msg":"Building wallet from mnemonic..."}
{"level":30,"time":1771013889269,"pid":70551,"hostname":"Hectors-MacBook-Pro.local","msg":"Your wallet address: mn_addr_preprod16tdz2l9500jsv9k2kff0wea0r6a54ewfzetg5xu5r79smvr2mqeqe9zn25"}
{"level":30,"time":1771013889269,"pid":70551,"hostname":"Hectors-MacBook-Pro.local","msg":"Waiting for wallet to sync..."}
{"level":30,"time":1771013889276,"pid":70551,"hostname":"Hectors-MacBook-Pro.local","msg":"Waiting for wallet sync. Synced: false"}
{"level":30,"time":1771013894461,"pid":70551,"hostname":"Hectors-MacBook-Pro.local","msg":"Waiting for wallet sync. Synced: false"}
{"level":30,"time":1771013899656,"pid":70551,"hostname":"Hectors-MacBook-Pro.local","msg":"Waiting for wallet sync. Synced: false"}
{"level":30,"time":1771013904734,"pid":70551,"hostname":"Hectors-MacBook-Pro.local","msg":"Waiting for wallet sync. Synced: false"}
{"level":30,"time":1771013909832,"pid":70551,"hostname":"Hectors-MacBook-Pro.local","msg":"Waiting for wallet sync. Synced: false"}
{"level":30,"time":1771013914894,"pid":70551,"hostname":"Hectors-MacBook-Pro.local","msg":"Waiting for wallet sync. Synced: false"}
{"level":30,"time":1771013919976,"pid":70551,"hostname":"Hectors-MacBook-Pro.local","msg":"Waiting for wallet sync. Synced: false"}
{"level":30,"time":1771013952528,"pid":70551,"hostname":"Hectors-MacBook-Pro.local","msg":"Waiting for wallet sync. Synced: true"}
{"level":30,"time":1771013952541,"pid":70551,"hostname":"Hectors-MacBook-Pro.local","msg":"Unshielded balance: 4000000000 tDUST"}
{"level":30,"time":1771013952541,"pid":70551,"hostname":"Hectors-MacBook-Pro.local","msg":"Shielded balance: 0 tDUST"}
{"level":30,"time":1771013952541,"pid":70551,"hostname":"Hectors-MacBook-Pro.local","msg":"Total balance: 4000000000 tDUST"}
{"level":30,"time":1771013952547,"pid":70551,"hostname":"Hectors-MacBook-Pro.local","msg":"No unshielded Night UTXOs available for dust registration, or all are already registered"}
{"level":30,"time":1771013952547,"pid":70551,"hostname":"Hectors-MacBook-Pro.local","msg":"Current dust balance: 15723818013999999998"}
{"level":30,"time":1771013964877,"pid":70551,"hostname":"Hectors-MacBook-Pro.local","msg":"Joined contract at address: a84db33c34495a39882f941563cd2aa78c6d714ddac673f47a103084b0678a21"}
{"level":30,"time":1771014258942,"pid":70551,"hostname":"Hectors-MacBook-Pro.local","msg":"Registering attestation provider 1..."}
{"level":30,"time":1771014289308,"pid":70551,"hostname":"Hectors-MacBook-Pro.local","msg":"Transaction 0033f181491dc266d3f8a88c416ddfa1d17bf4096df1794c1c9ced660a7883cf0e added in block 225891"}
{"level":30,"time":1771014289309,"pid":70551,"hostname":"Hectors-MacBook-Pro.local","msg":"Attestation provider registered successfully!"}
{"level":30,"time":1771014292969,"pid":70551,"hostname":"Hectors-MacBook-Pro.local","msg":"Checking contract ledger state..."}
{"level":30,"time":1771014293664,"pid":70551,"hostname":"Hectors-MacBook-Pro.local","msg":"Contract address: a84db33c34495a39882f941563cd2aa78c6d714ddac673f47a103084b0678a21"}
{"level":30,"time":1771014293665,"pid":70551,"hostname":"Hectors-MacBook-Pro.local","msg":"Admin: eea4472b8ff9d921904ee17ea2184f21cf31c4e437fbbc12ea8e6457aca78ba0"}
{"level":30,"time":1771014293666,"pid":70551,"hostname":"Hectors-MacBook-Pro.local","msg":"Blacklist size: 0"}
{"level":30,"time":1771014310284,"pid":70551,"hostname":"Hectors-MacBook-Pro.local","msg":"Requesting loan for amount: 2000 with PIN..."}
{"level":50,"time":1771014312456,"pid":70551,"hostname":"Hectors-MacBook-Pro.local","msg":"Operation failed: Unexpected error executing scoped transaction '<unnamed>': Error: failed assert: Attestation provider not registered"}
{"level":30,"time":1771014882226,"pid":70551,"hostname":"Hectors-MacBook-Pro.local","msg":"Registering attestation provider 0..."}
