{"level":30,"time":1771014900744,"pid":82080,"hostname":"Hectors-MacBook-Pro.local","msg":"Using mnemonic from .env file..."}
{"level":30,"time":1771014900746,"pid":82080,"hostname":"Hectors-MacBook-Pro.local","msg":"Building wallet from mnemonic..."}
{"level":30,"time":1771014900876,"pid":82080,"hostname":"Hectors-MacBook-Pro.local","msg":"Your wallet address: mn_addr_preprod16tdz2l9500jsv9k2kff0wea0r6a54ewfzetg5xu5r79smvr2mqeqe9zn25"}
{"level":30,"time":1771014900877,"pid":82080,"hostname":"Hectors-MacBook-Pro.local","msg":"Waiting for wallet to sync..."}
{"level":30,"time":1771014900884,"pid":82080,"hostname":"Hectors-MacBook-Pro.local","msg":"Waiting for wallet sync. Synced: false"}
{"level":30,"time":1771014905954,"pid":82080,"hostname":"Hectors-MacBook-Pro.local","msg":"Waiting for wallet sync. Synced: false"}
{"level":30,"time":1771014911037,"pid":82080,"hostname":"Hectors-MacBook-Pro.local","msg":"Waiting for wallet sync. Synced: false"}
{"level":30,"time":1771014916108,"pid":82080,"hostname":"Hectors-MacBook-Pro.local","msg":"Waiting for wallet sync. Synced: false"}
{"level":30,"time":1771014921167,"pid":82080,"hostname":"Hectors-MacBook-Pro.local","msg":"Waiting for wallet sync. Synced: false"}
{"level":30,"time":1771014926271,"pid":82080,"hostname":"Hectors-MacBook-Pro.local","msg":"Waiting for wallet sync. Synced: false"}
{"level":30,"time":1771014931328,"pid":82080,"hostname":"Hectors-MacBook-Pro.local","msg":"Waiting for wallet sync. Synced: false"}
{"level":30,"time":1771014963872,"pid":82080,"hostname":"Hectors-MacBook-Pro.local","msg":"Waiting for wallet sync. Synced: true"}
{"level":30,"time":1771014963900,"pid":82080,"hostname":"Hectors-MacBook-Pro.local","msg":"Unshielded balance: 4000000000 tDUST"}
{"level":30,"time":1771014963900,"pid":82080,"hostname":"Hectors-MacBook-Pro.local","msg":"Shielded balance: 0 tDUST"}
{"level":30,"time":1771014963900,"pid":82080,"hostname":"Hectors-MacBook-Pro.local","msg":"Total balance: 4000000000 tDUST"}
{"level":30,"time":1771014963908,"pid":82080,"hostname":"Hectors-MacBook-Pro.local","msg":"No unshielded Night UTXOs available for dust registration, or all are already registered"}
{"level":30,"time":1771014963909,"pid":82080,"hostname":"Hectors-MacBook-Pro.local","msg":"Current dust balance: 15740233887999999997"}
{"level":30,"time":1771015065347,"pid":82080,"hostname":"Hectors-MacBook-Pro.local","msg":"Joined contract at address: a84db33c34495a39882f941563cd2aa78c6d714ddac673f47a103084b0678a21"}
{"level":30,"time":1771015075052,"pid":82080,"hostname":"Hectors-MacBook-Pro.local","msg":"Computed userPubKeyHash for attestation"}
{"level":30,"time":1771015075083,"pid":82080,"hostname":"Hectors-MacBook-Pro.local","msg":"Fetching attestation from http://localhost:3000..."}
{"level":30,"time":1771015075130,"pid":82080,"hostname":"Hectors-MacBook-Pro.local","msg":"Private state updated with attestation (provider 1)"}
{"level":30,"time":1771015075131,"pid":82080,"hostname":"Hectors-MacBook-Pro.local","msg":"Requesting loan for amount: 2000 with PIN..."}
{"level":30,"time":1771015112890,"pid":82080,"hostname":"Hectors-MacBook-Pro.local","msg":"Transaction 001a6d1aa0fca174968e20dd5d51f3398e5cf9163ec14bc067e3c664fc1752fc30 added in block 226028"}
{"level":30,"time":1771015112891,"pid":82080,"hostname":"Hectors-MacBook-Pro.local","msg":"Loan request submitted successfully!"}
{"level":30,"time":1771015275748,"pid":82080,"hostname":"Hectors-MacBook-Pro.local","msg":"Exiting..."}
