{"level":30,"time":1771013178506,"pid":62897,"hostname":"Hectors-MacBook-Pro.local","msg":"Using mnemonic from .env file..."}
{"level":30,"time":1771013178510,"pid":62897,"hostname":"Hectors-MacBook-Pro.local","msg":"Building wallet from mnemonic..."}
{"level":30,"time":1771013178649,"pid":62897,"hostname":"Hectors-MacBook-Pro.local","msg":"Your wallet address: mn_addr_preprod16tdz2l9500jsv9k2kff0wea0r6a54ewfzetg5xu5r79smvr2mqeqe9zn25"}
{"level":30,"time":1771013178649,"pid":62897,"hostname":"Hectors-MacBook-Pro.local","msg":"Waiting for wallet to sync..."}
{"level":30,"time":1771013178656,"pid":62897,"hostname":"Hectors-MacBook-Pro.local","msg":"Waiting for wallet sync. Synced: false"}
{"level":30,"time":1771013183824,"pid":62897,"hostname":"Hectors-MacBook-Pro.local","msg":"Waiting for wallet sync. Synced: false"}
{"level":30,"time":1771013188964,"pid":62897,"hostname":"Hectors-MacBook-Pro.local","msg":"Waiting for wallet sync. Synced: false"}
{"level":30,"time":1771013194024,"pid":62897,"hostname":"Hectors-MacBook-Pro.local","msg":"Waiting for wallet sync. Synced: false"}
{"level":30,"time":1771013199087,"pid":62897,"hostname":"Hectors-MacBook-Pro.local","msg":"Waiting for wallet sync. Synced: false"}
{"level":30,"time":1771013204158,"pid":62897,"hostname":"Hectors-MacBook-Pro.local","msg":"Waiting for wallet sync. Synced: false"}
{"level":30,"time":1771013209217,"pid":62897,"hostname":"Hectors-MacBook-Pro.local","msg":"Waiting for wallet sync. Synced: false"}
{"level":30,"time":1771013241947,"pid":62897,"hostname":"Hectors-MacBook-Pro.local","msg":"Waiting for wallet sync. Synced: true"}
{"level":30,"time":1771013241973,"pid":62897,"hostname":"Hectors-MacBook-Pro.local","msg":"Unshielded balance: 4000000000 tDUST"}
{"level":30,"time":1771013241973,"pid":62897,"hostname":"Hectors-MacBook-Pro.local","msg":"Shielded balance: 0 tDUST"}
{"level":30,"time":1771013241973,"pid":62897,"hostname":"Hectors-MacBook-Pro.local","msg":"Total balance: 4000000000 tDUST"}
{"level":30,"time":1771013241979,"pid":62897,"hostname":"Hectors-MacBook-Pro.local","msg":"No unshielded Night UTXOs available for dust registration, or all are already registered"}
{"level":30,"time":1771013241980,"pid":62897,"hostname":"Hectors-MacBook-Pro.local","msg":"Current dust balance: 15712662340000000000"}
{"level":30,"time":1771013372269,"pid":62897,"hostname":"Hectors-MacBook-Pro.local","msg":"Deploying ZKLoan Credit Scorer contract..."}
{"level":50,"time":1771013397056,"pid":62897,"hostname":"Hectors-MacBook-Pro.local","msg":"Found error 'Password must be at least 16 characters long.\nUse a strong, randomly generated password for production.'"}
{"level":30,"time":1771013397056,"pid":62897,"hostname":"Hectors-MacBook-Pro.local","msg":"Exiting..."}
