{"level":30,"time":1771013536621,"pid":66277,"hostname":"Hectors-MacBook-Pro.local","msg":"Using mnemonic from .env file..."}
{"level":30,"time":1771013536624,"pid":66277,"hostname":"Hectors-MacBook-Pro.local","msg":"Building wallet from mnemonic..."}
{"level":30,"time":1771013536758,"pid":66277,"hostname":"Hectors-MacBook-Pro.local","msg":"Your wallet address: mn_addr_preprod16tdz2l9500jsv9k2kff0wea0r6a54ewfzetg5xu5r79smvr2mqeqe9zn25"}
{"level":30,"time":1771013536759,"pid":66277,"hostname":"Hectors-MacBook-Pro.local","msg":"Waiting for wallet to sync..."}
{"level":30,"time":1771013536768,"pid":66277,"hostname":"Hectors-MacBook-Pro.local","msg":"Waiting for wallet sync. Synced: false"}
{"level":30,"time":1771013541917,"pid":66277,"hostname":"Hectors-MacBook-Pro.local","msg":"Waiting for wallet sync. Synced: false"}
{"level":30,"time":1771013547004,"pid":66277,"hostname":"Hectors-MacBook-Pro.local","msg":"Waiting for wallet sync. Synced: false"}
{"level":30,"time":1771013552090,"pid":66277,"hostname":"Hectors-MacBook-Pro.local","msg":"Waiting for wallet sync. Synced: false"}
{"level":30,"time":1771013557187,"pid":66277,"hostname":"Hectors-MacBook-Pro.local","msg":"Waiting for wallet sync. Synced: false"}
{"level":30,"time":1771013562299,"pid":66277,"hostname":"Hectors-MacBook-Pro.local","msg":"Waiting for wallet sync. Synced: false"}
{"level":30,"time":1771013567355,"pid":66277,"hostname":"Hectors-MacBook-Pro.local","msg":"Waiting for wallet sync. Synced: false"}
{"level":30,"time":1771013600092,"pid":66277,"hostname":"Hectors-MacBook-Pro.local","msg":"Waiting for wallet sync. Synced: true"}
{"level":30,"time":1771013600122,"pid":66277,"hostname":"Hectors-MacBook-Pro.local","msg":"Unshielded balance: 4000000000 tDUST"}
{"level":30,"time":1771013600122,"pid":66277,"hostname":"Hectors-MacBook-Pro.local","msg":"Shielded balance: 0 tDUST"}
{"level":30,"time":1771013600122,"pid":66277,"hostname":"Hectors-MacBook-Pro.local","msg":"Total balance: 4000000000 tDUST"}
{"level":30,"time":1771013600129,"pid":66277,"hostname":"Hectors-MacBook-Pro.local","msg":"No unshielded Night UTXOs available for dust registration, or all are already registered"}
{"level":30,"time":1771013600130,"pid":66277,"hostname":"Hectors-MacBook-Pro.local","msg":"Current dust balance: 15718298045999999999"}
{"level":30,"time":1771013643369,"pid":66277,"hostname":"Hectors-MacBook-Pro.local","msg":"Deploying ZKLoan Credit Scorer contract..."}
{"level":30,"time":1771013668678,"pid":66277,"hostname":"Hectors-MacBook-Pro.local","msg":"Deployed contract at address: a84db33c34495a39882f941563cd2aa78c6d714ddac673f47a103084b0678a21"}
{"level":30,"time":1771013732643,"pid":66277,"hostname":"Hectors-MacBook-Pro.local","msg":"Requesting loan for amount: 2000 with PIN..."}
{"level":50,"time":1771013735090,"pid":66277,"hostname":"Hectors-MacBook-Pro.local","msg":"Operation failed: Unexpected error executing scoped transaction '<unnamed>': Error: failed assert: Attestation provider not registered"}
{"level":30,"time":1771013872908,"pid":66277,"hostname":"Hectors-MacBook-Pro.local","msg":"Exiting..."}
